Using pre-set license
Built from '2020.3/staging' branch; Version is '2020.3.23f1 (c5d91304a876) revision 12966163'; Using compiler version '192528614'; Build Type 'Release'
OS: 'Windows 10 Pro; OS build 19042.1415; Version 2009; 64bit' Language: 'ko' Physical Memory: 16331 MB
BatchMode: 1, IsHumanControllingUs: 0, StartBugReporterOnCrash: 0, Is64bit: 1, IsPro: 0

COMMAND LINE ARGUMENTS:
C:\Program Files\Unity\Hub\Editor\2020.3.23f1\Editor\Unity.exe
-adb2
-batchMode
-noUpm
-name
AssetImportWorker0
-projectPath
C:/Users/82104/Documents/GitHub/magnetism
-logFile
Logs/AssetImportWorker0.log
-srvPort
56577
Successfully changed project path to: C:/Users/82104/Documents/GitHub/magnetism
C:/Users/82104/Documents/GitHub/magnetism
Using Asset Import Pipeline V2.
Refreshing native plugins compatible for Editor in 53.73 ms, found 2 plugins.
Preloading 0 native plugins for Editor in 0.00 ms.
Initialize engine version: 2020.3.23f1 (c5d91304a876)
[Subsystems] Discovering subsystems at path C:/Program Files/Unity/Hub/Editor/2020.3.23f1/Editor/Data/Resources/UnitySubsystems
[Subsystems] Discovering subsystems at path C:/Users/82104/Documents/GitHub/magnetism/Assets
GfxDevice: creating device client; threaded=0
Direct3D:
    Version:  Direct3D 11.0 [level 11.1]
    Renderer: NVIDIA GeForce GTX 1050 (ID=0x1c81)
    Vendor:   
    VRAM:     1977 MB
    Driver:   30.0.14.9676
Initialize mono
Mono path[0] = 'C:/Program Files/Unity/Hub/Editor/2020.3.23f1/Editor/Data/Managed'
Mono path[1] = 'C:/Program Files/Unity/Hub/Editor/2020.3.23f1/Editor/Data/MonoBleedingEdge/lib/mono/unityjit'
Mono config path = 'C:/Program Files/Unity/Hub/Editor/2020.3.23f1/Editor/Data/MonoBleedingEdge/etc'
Using monoOptions --debugger-agent=transport=dt_socket,embedding=1,server=y,suspend=n,address=127.0.0.1:56104
Begin MonoManager ReloadAssembly
Registering precompiled unity dll's ...
Register platform support module: C:/Program Files/Unity/Hub/Editor/2020.3.23f1/Editor/Data/PlaybackEngines/WindowsStandaloneSupport/UnityEditor.WindowsStandalone.Extensions.dll
Registered in 0.005493 seconds.
Native extension for WindowsStandalone target not found
Refreshing native plugins compatible for Editor in 56.82 ms, found 2 plugins.
Preloading 0 native plugins for Editor in 0.00 ms.
Mono: successfully reloaded assembly
- Completed reload, in  0.969 seconds
Domain Reload Profiling:
	ReloadAssembly (969ms)
		BeginReloadAssembly (95ms)
			ExecutionOrderSort (0ms)
			DisableScriptedObjects (0ms)
			BackupInstance (0ms)
			ReleaseScriptingObjects (0ms)
			CreateAndSetChildDomain (1ms)
		EndReloadAssembly (738ms)
			LoadAssemblies (91ms)
			RebuildTransferFunctionScriptingTraits (0ms)
			SetupTypeCache (252ms)
			ReleaseScriptCaches (0ms)
			RebuildScriptCaches (48ms)
			SetupLoadedEditorAssemblies (272ms)
				LogAssemblyErrors (0ms)
				InitializePlatformSupportModulesInManaged (7ms)
				SetLoadedEditorAssemblies (0ms)
				RefreshPlugins (57ms)
				BeforeProcessingInitializeOnLoad (22ms)
				ProcessInitializeOnLoadAttributes (137ms)
				ProcessInitializeOnLoadMethodAttributes (48ms)
				AfterProcessingInitializeOnLoad (0ms)
				EditorAssembliesLoaded (0ms)
			ExecutionOrderSort2 (0ms)
			AwakeInstancesAfterBackupRestoration (0ms)
Platform modules already initialized, skipping
Registering precompiled user dll's ...
Registered in 0.010080 seconds.
Begin MonoManager ReloadAssembly
Native extension for WindowsStandalone target not found
Refreshing native plugins compatible for Editor in 0.48 ms, found 2 plugins.
Preloading 0 native plugins for Editor in 0.00 ms.
Mono: successfully reloaded assembly
- Completed reload, in  1.475 seconds
Domain Reload Profiling:
	ReloadAssembly (1476ms)
		BeginReloadAssembly (205ms)
			ExecutionOrderSort (0ms)
			DisableScriptedObjects (7ms)
			BackupInstance (0ms)
			ReleaseScriptingObjects (0ms)
			CreateAndSetChildDomain (23ms)
		EndReloadAssembly (1177ms)
			LoadAssemblies (129ms)
			RebuildTransferFunctionScriptingTraits (0ms)
			SetupTypeCache (401ms)
			ReleaseScriptCaches (0ms)
			RebuildScriptCaches (60ms)
			SetupLoadedEditorAssemblies (437ms)
				LogAssemblyErrors (0ms)
				InitializePlatformSupportModulesInManaged (6ms)
				SetLoadedEditorAssemblies (1ms)
				RefreshPlugins (1ms)
				BeforeProcessingInitializeOnLoad (117ms)
				ProcessInitializeOnLoadAttributes (283ms)
				ProcessInitializeOnLoadMethodAttributes (13ms)
				AfterProcessingInitializeOnLoad (15ms)
				EditorAssembliesLoaded (0ms)
			ExecutionOrderSort2 (0ms)
			AwakeInstancesAfterBackupRestoration (13ms)
Platform modules already initialized, skipping
========================================================================
Worker process is ready to serve import requests
Launched and connected shader compiler UnityShaderCompiler.exe after 0.09 seconds
Refreshing native plugins compatible for Editor in 0.65 ms, found 2 plugins.
Preloading 0 native plugins for Editor in 0.00 ms.
Unloading 1508 Unused Serialized files (Serialized files now loaded: 0)
System memory in use before: 80.5 MB.
System memory in use after: 80.6 MB.

Unloading 19 unused Assets to reduce memory usage. Loaded Objects now: 1961.
Total: 3.324200 ms (FindLiveObjects: 0.200000 ms CreateObjectMapping: 0.060000 ms MarkObjects: 2.969300 ms  DeleteObjects: 0.093200 ms)

AssetImportParameters requested are different than current active one (requested -> active):
  custom:framework-win-MediaFoundation: 216162199b28c13a410421893ffa2e32 -> 
  custom:video-decoder-ogg-theora: a1e56fd34408186e4bbccfd4996cb3dc -> 
  custom:container-muxer-webm: aa71ff27fc2769a1b78a27578f13a17b -> 
  custom:container-demuxer-webm: 4f35f7cbe854078d1ac9338744f61a02 -> 
  custom:container-demuxer-ogg: 62fdf1f143b41e24485cea50d1cbac27 -> 
  custom:video-encoder-webm-vp8: eb34c28f22e8b96e1ab97ce403110664 -> 
  custom:video-decoder-webm-vp8: 9c59270c3fd7afecdb556c50c9e8de78 -> 
  custom:audio-decoder-ogg-vorbis: bf7c407c2cedff20999df2af8eb42d56 -> 
  custom:audio-encoder-webm-vorbis: bf7c407c2cedff20999df2af8eb42d56 -> 
========================================================================
Received Import Request.
  path: Assets/Scenes/Menu.unity
  artifactKey: Guid(a4a8689944f50174fb1c93f65bf15dc2) Importer(815301076,1909f56bfc062723c751e8b465ee728b)
Start importing Assets/Scenes/Menu.unity using Guid(a4a8689944f50174fb1c93f65bf15dc2) Importer(815301076,1909f56bfc062723c751e8b465ee728b)  -> (artifact id: '88ccbafe557e1a64599e2d79e4c4c667') in 0.028366 seconds 
  Import took 0.032425 seconds .

========================================================================
Received Import Request.
  Time since last request: 40.552769 seconds.
  path: Assets/Scenes/Game.unity
  artifactKey: Guid(9fc0d4010bbf28b4594072e72b8655ab) Importer(815301076,1909f56bfc062723c751e8b465ee728b)
Start importing Assets/Scenes/Game.unity using Guid(9fc0d4010bbf28b4594072e72b8655ab) Importer(815301076,1909f56bfc062723c751e8b465ee728b)  -> (artifact id: '927d24c2bd490a9097f79aec2a58a6c3') in 0.010862 seconds 
  Import took 0.014063 seconds .

========================================================================
Received Prepare
Registering precompiled user dll's ...
Registered in 0.009088 seconds.
Begin MonoManager ReloadAssembly
Native extension for WindowsStandalone target not found
Refreshing native plugins compatible for Editor in 0.65 ms, found 2 plugins.
Preloading 0 native plugins for Editor in 0.00 ms.
Mono: successfully reloaded assembly
- Completed reload, in  1.605 seconds
Domain Reload Profiling:
	ReloadAssembly (1606ms)
		BeginReloadAssembly (171ms)
			ExecutionOrderSort (0ms)
			DisableScriptedObjects (9ms)
			BackupInstance (0ms)
			ReleaseScriptingObjects (0ms)
			CreateAndSetChildDomain (45ms)
		EndReloadAssembly (1329ms)
			LoadAssemblies (146ms)
			RebuildTransferFunctionScriptingTraits (0ms)
			SetupTypeCache (464ms)
			ReleaseScriptCaches (1ms)
			RebuildScriptCaches (64ms)
			SetupLoadedEditorAssemblies (479ms)
				LogAssemblyErrors (0ms)
				InitializePlatformSupportModulesInManaged (8ms)
				SetLoadedEditorAssemblies (1ms)
				RefreshPlugins (1ms)
				BeforeProcessingInitializeOnLoad (143ms)
				ProcessInitializeOnLoadAttributes (295ms)
				ProcessInitializeOnLoadMethodAttributes (15ms)
				AfterProcessingInitializeOnLoad (16ms)
				EditorAssembliesLoaded (0ms)
			ExecutionOrderSort2 (0ms)
			AwakeInstancesAfterBackupRestoration (10ms)
Platform modules already initialized, skipping
Switching build target platform(19) subTarget(0) extendedPlatform(0) -> platform(13) subTarget(537395200) extendedPlatform(0)
Refreshing native plugins compatible for Editor in 0.52 ms, found 2 plugins.
Preloading 0 native plugins for Editor in 0.00 ms.
Unloading 1505 Unused Serialized files (Serialized files now loaded: 0)
System memory in use before: 80.2 MB.
System memory in use after: 80.3 MB.

Unloading 14 unused Assets to reduce memory usage. Loaded Objects now: 1963.
Total: 4.045800 ms (FindLiveObjects: 0.164300 ms CreateObjectMapping: 0.060000 ms MarkObjects: 3.793600 ms  DeleteObjects: 0.026100 ms)

AssetImportParameters requested are different than current active one (requested -> active):
  custom:framework-win-MediaFoundation: 216162199b28c13a410421893ffa2e32 -> 
  custom:video-decoder-ogg-theora: a1e56fd34408186e4bbccfd4996cb3dc -> 
  custom:container-muxer-webm: aa71ff27fc2769a1b78a27578f13a17b -> 
  custom:container-demuxer-webm: 4f35f7cbe854078d1ac9338744f61a02 -> 
  custom:container-demuxer-ogg: 62fdf1f143b41e24485cea50d1cbac27 -> 
  custom:video-encoder-webm-vp8: eb34c28f22e8b96e1ab97ce403110664 -> 
  custom:video-decoder-webm-vp8: 9c59270c3fd7afecdb556c50c9e8de78 -> 
  custom:graphics/normal-map-encoding: 01000000000000000000000000000000 -> 02000000000000000000000000000000
  custom:audio-decoder-ogg-vorbis: bf7c407c2cedff20999df2af8eb42d56 -> 
  custom:audio-encoder-webm-vorbis: bf7c407c2cedff20999df2af8eb42d56 -> 
========================================================================
Received Import Request.
  Time since last request: 155.805574 seconds.
  path: Assets/Magnet.prefab
  artifactKey: Guid(6b98aad3dd7afea49b2b8a5a0d8a3d00) Importer(815301076,1909f56bfc062723c751e8b465ee728b)
Start importing Assets/Magnet.prefab using Guid(6b98aad3dd7afea49b2b8a5a0d8a3d00) Importer(815301076,1909f56bfc062723c751e8b465ee728b)  -> (artifact id: '727e1bb307f925c9379d06d9f0e751dd') in 0.129125 seconds 
  Import took 0.132554 seconds .

========================================================================
Received Import Request.
  Time since last request: 5.937577 seconds.
  path: Assets/Magnet.prefab
  artifactKey: Guid(6b98aad3dd7afea49b2b8a5a0d8a3d00) Importer(815301076,1909f56bfc062723c751e8b465ee728b)
Start importing Assets/Magnet.prefab using Guid(6b98aad3dd7afea49b2b8a5a0d8a3d00) Importer(815301076,1909f56bfc062723c751e8b465ee728b)  -> (artifact id: '4a424782751833b5e2a2957999a14bba') in 0.015840 seconds 
  Import took 0.019968 seconds .

========================================================================
Received Import Request.
  Time since last request: 14.410572 seconds.
  path: Assets/Magnet.prefab
  artifactKey: Guid(6b98aad3dd7afea49b2b8a5a0d8a3d00) Importer(815301076,1909f56bfc062723c751e8b465ee728b)
Start importing Assets/Magnet.prefab using Guid(6b98aad3dd7afea49b2b8a5a0d8a3d00) Importer(815301076,1909f56bfc062723c751e8b465ee728b)  -> (artifact id: '7250ad6940df38001f908c580e2fcc84') in 0.012829 seconds 
  Import took 0.016584 seconds .

========================================================================
Received Import Request.
  Time since last request: 5.650846 seconds.
  path: Assets/Magnet.prefab
  artifactKey: Guid(6b98aad3dd7afea49b2b8a5a0d8a3d00) Importer(815301076,1909f56bfc062723c751e8b465ee728b)
Start importing Assets/Magnet.prefab using Guid(6b98aad3dd7afea49b2b8a5a0d8a3d00) Importer(815301076,1909f56bfc062723c751e8b465ee728b)  -> (artifact id: '2f1a91aaa183cc63aee018f8918b2d1c') in 0.015590 seconds 
  Import took 0.019567 seconds .

========================================================================
Received Import Request.
  Time since last request: 17.127439 seconds.
  path: Assets/Magnet.prefab
  artifactKey: Guid(6b98aad3dd7afea49b2b8a5a0d8a3d00) Importer(815301076,1909f56bfc062723c751e8b465ee728b)
Start importing Assets/Magnet.prefab using Guid(6b98aad3dd7afea49b2b8a5a0d8a3d00) Importer(815301076,1909f56bfc062723c751e8b465ee728b)  -> (artifact id: 'f7b12aa94c81eafec8d3bedd6d0a1ea9') in 0.011777 seconds 
  Import took 0.015583 seconds .

========================================================================
Received Import Request.
  Time since last request: 3.889292 seconds.
  path: Assets/Magnet.prefab
  artifactKey: Guid(6b98aad3dd7afea49b2b8a5a0d8a3d00) Importer(815301076,1909f56bfc062723c751e8b465ee728b)
Start importing Assets/Magnet.prefab using Guid(6b98aad3dd7afea49b2b8a5a0d8a3d00) Importer(815301076,1909f56bfc062723c751e8b465ee728b)  -> (artifact id: '0ba01de3f178e6aa161a06f48833cd9a') in 0.011416 seconds 
  Import took 0.014462 seconds .

========================================================================
Received Import Request.
  Time since last request: 5.840620 seconds.
  path: Assets/Magnet.prefab
  artifactKey: Guid(6b98aad3dd7afea49b2b8a5a0d8a3d00) Importer(815301076,1909f56bfc062723c751e8b465ee728b)
Start importing Assets/Magnet.prefab using Guid(6b98aad3dd7afea49b2b8a5a0d8a3d00) Importer(815301076,1909f56bfc062723c751e8b465ee728b)  -> (artifact id: '00e1fad694d74d288a4168413b07a273') in 0.010168 seconds 
  Import took 0.013359 seconds .

========================================================================
Received Import Request.
  Time since last request: 8.080926 seconds.
  path: Assets/Magnet.prefab
  artifactKey: Guid(6b98aad3dd7afea49b2b8a5a0d8a3d00) Importer(815301076,1909f56bfc062723c751e8b465ee728b)
Start importing Assets/Magnet.prefab using Guid(6b98aad3dd7afea49b2b8a5a0d8a3d00) Importer(815301076,1909f56bfc062723c751e8b465ee728b)  -> (artifact id: '2424a23361df46885106a47c05152d2e') in 0.011114 seconds 
  Import took 0.014295 seconds .

========================================================================
Received Import Request.
  Time since last request: 2.404412 seconds.
  path: Assets/Magnet.prefab
  artifactKey: Guid(6b98aad3dd7afea49b2b8a5a0d8a3d00) Importer(815301076,1909f56bfc062723c751e8b465ee728b)
Start importing Assets/Magnet.prefab using Guid(6b98aad3dd7afea49b2b8a5a0d8a3d00) Importer(815301076,1909f56bfc062723c751e8b465ee728b)  -> (artifact id: 'd2df595e4a287c9bed0a106e4aa5c5f5') in 0.010999 seconds 
  Import took 0.014116 seconds .

========================================================================
Received Import Request.
  Time since last request: 12.493602 seconds.
  path: Assets/Magnet.prefab
  artifactKey: Guid(6b98aad3dd7afea49b2b8a5a0d8a3d00) Importer(815301076,1909f56bfc062723c751e8b465ee728b)
Start importing Assets/Magnet.prefab using Guid(6b98aad3dd7afea49b2b8a5a0d8a3d00) Importer(815301076,1909f56bfc062723c751e8b465ee728b)  -> (artifact id: '93d3e9aec9b402f0b66ad1b5e8ebd2a3') in 0.011435 seconds 
  Import took 0.015173 seconds .

========================================================================
Received Import Request.
  Time since last request: 26.247775 seconds.
  path: Assets/Magnet.prefab
  artifactKey: Guid(6b98aad3dd7afea49b2b8a5a0d8a3d00) Importer(815301076,1909f56bfc062723c751e8b465ee728b)
Start importing Assets/Magnet.prefab using Guid(6b98aad3dd7afea49b2b8a5a0d8a3d00) Importer(815301076,1909f56bfc062723c751e8b465ee728b)  -> (artifact id: 'ae9cb0a109676594cc651687f8513443') in 0.011844 seconds 
  Import took 0.015495 seconds .

========================================================================
Received Import Request.
  Time since last request: 5.883901 seconds.
  path: Assets/Magnet.prefab
  artifactKey: Guid(6b98aad3dd7afea49b2b8a5a0d8a3d00) Importer(815301076,1909f56bfc062723c751e8b465ee728b)
Start importing Assets/Magnet.prefab using Guid(6b98aad3dd7afea49b2b8a5a0d8a3d00) Importer(815301076,1909f56bfc062723c751e8b465ee728b)  -> (artifact id: '853ae5ec4b2ca2240609e3e2b93095ee') in 0.013082 seconds 
  Import took 0.016421 seconds .

========================================================================
Received Import Request.
  Time since last request: 14.129973 seconds.
  path: Assets/Magnet.prefab
  artifactKey: Guid(6b98aad3dd7afea49b2b8a5a0d8a3d00) Importer(815301076,1909f56bfc062723c751e8b465ee728b)
Start importing Assets/Magnet.prefab using Guid(6b98aad3dd7afea49b2b8a5a0d8a3d00) Importer(815301076,1909f56bfc062723c751e8b465ee728b)  -> (artifact id: 'bb1e968b9e6acb8dd4f3f2604003ee93') in 0.010665 seconds 
  Import took 0.013892 seconds .

========================================================================
Received Import Request.
  Time since last request: 3.836996 seconds.
  path: Assets/Magnet.prefab
  artifactKey: Guid(6b98aad3dd7afea49b2b8a5a0d8a3d00) Importer(815301076,1909f56bfc062723c751e8b465ee728b)
Start importing Assets/Magnet.prefab using Guid(6b98aad3dd7afea49b2b8a5a0d8a3d00) Importer(815301076,1909f56bfc062723c751e8b465ee728b)  -> (artifact id: 'bfcf1ac38ce2ed1a348c14013c0431c6') in 0.014004 seconds 
  Import took 0.017636 seconds .

========================================================================
Received Import Request.
  Time since last request: 6.232324 seconds.
  path: Assets/Magnet.prefab
  artifactKey: Guid(6b98aad3dd7afea49b2b8a5a0d8a3d00) Importer(815301076,1909f56bfc062723c751e8b465ee728b)
Start importing Assets/Magnet.prefab using Guid(6b98aad3dd7afea49b2b8a5a0d8a3d00) Importer(815301076,1909f56bfc062723c751e8b465ee728b)  -> (artifact id: '9205a542d0a848759b1d346c2125fc45') in 0.016095 seconds 
  Import took 0.019190 seconds .

========================================================================
Received Import Request.
  Time since last request: 7.700727 seconds.
  path: Assets/Magnet.prefab
  artifactKey: Guid(6b98aad3dd7afea49b2b8a5a0d8a3d00) Importer(815301076,1909f56bfc062723c751e8b465ee728b)
Start importing Assets/Magnet.prefab using Guid(6b98aad3dd7afea49b2b8a5a0d8a3d00) Importer(815301076,1909f56bfc062723c751e8b465ee728b)  -> (artifact id: '363c1aa18a2d0d277fdc02477396b471') in 0.013121 seconds 
  Import took 0.016588 seconds .

========================================================================
Received Import Request.
  Time since last request: 13.517908 seconds.
  path: Assets/Magnet.prefab
  artifactKey: Guid(6b98aad3dd7afea49b2b8a5a0d8a3d00) Importer(815301076,1909f56bfc062723c751e8b465ee728b)
Start importing Assets/Magnet.prefab using Guid(6b98aad3dd7afea49b2b8a5a0d8a3d00) Importer(815301076,1909f56bfc062723c751e8b465ee728b)  -> (artifact id: '836dab90c177630e81db0af0c543912c') in 0.012809 seconds 
  Import took 0.016717 seconds .

========================================================================
Received Import Request.
  Time since last request: 4.022540 seconds.
  path: Assets/Magnet.prefab
  artifactKey: Guid(6b98aad3dd7afea49b2b8a5a0d8a3d00) Importer(815301076,1909f56bfc062723c751e8b465ee728b)
Start importing Assets/Magnet.prefab using Guid(6b98aad3dd7afea49b2b8a5a0d8a3d00) Importer(815301076,1909f56bfc062723c751e8b465ee728b)  -> (artifact id: 'f6edad8c83802238586d0e45c69a16cd') in 0.011177 seconds 
  Import took 0.014827 seconds .

========================================================================
Received Import Request.
  Time since last request: 21.613976 seconds.
  path: Assets/Magnet.prefab
  artifactKey: Guid(6b98aad3dd7afea49b2b8a5a0d8a3d00) Importer(815301076,1909f56bfc062723c751e8b465ee728b)
Start importing Assets/Magnet.prefab using Guid(6b98aad3dd7afea49b2b8a5a0d8a3d00) Importer(815301076,1909f56bfc062723c751e8b465ee728b)  -> (artifact id: '726884a991d749b05e9373f4b24ad7b7') in 0.012815 seconds 
  Import took 0.016314 seconds .

========================================================================
Received Import Request.
  Time since last request: 55.405032 seconds.
  path: Assets/Magnet.prefab
  artifactKey: Guid(6b98aad3dd7afea49b2b8a5a0d8a3d00) Importer(815301076,1909f56bfc062723c751e8b465ee728b)
Start importing Assets/Magnet.prefab using Guid(6b98aad3dd7afea49b2b8a5a0d8a3d00) Importer(815301076,1909f56bfc062723c751e8b465ee728b)  -> (artifact id: 'e5134cd966f6ce026f5bc68b28dc4f23') in 0.032091 seconds 
  Import took 0.035462 seconds .

========================================================================
Received Import Request.
  Time since last request: 1.698170 seconds.
  path: Assets/Magnet.prefab
  artifactKey: Guid(6b98aad3dd7afea49b2b8a5a0d8a3d00) Importer(815301076,1909f56bfc062723c751e8b465ee728b)
Start importing Assets/Magnet.prefab using Guid(6b98aad3dd7afea49b2b8a5a0d8a3d00) Importer(815301076,1909f56bfc062723c751e8b465ee728b)  -> (artifact id: 'af1b2f7f9acde9bd8595c8ac0c4bc5cc') in 0.017803 seconds 
  Import took 0.021168 seconds .

========================================================================
Received Import Request.
  Time since last request: 6.025837 seconds.
  path: Assets/Magnet.prefab
  artifactKey: Guid(6b98aad3dd7afea49b2b8a5a0d8a3d00) Importer(815301076,1909f56bfc062723c751e8b465ee728b)
Start importing Assets/Magnet.prefab using Guid(6b98aad3dd7afea49b2b8a5a0d8a3d00) Importer(815301076,1909f56bfc062723c751e8b465ee728b)  -> (artifact id: '5af203916a0da147d588a5b7268b568f') in 0.011836 seconds 
  Import took 0.015872 seconds .

========================================================================
Received Import Request.
  Time since last request: 44.321743 seconds.
  path: Assets/Magnet.prefab
  artifactKey: Guid(6b98aad3dd7afea49b2b8a5a0d8a3d00) Importer(815301076,1909f56bfc062723c751e8b465ee728b)
Start importing Assets/Magnet.prefab using Guid(6b98aad3dd7afea49b2b8a5a0d8a3d00) Importer(815301076,1909f56bfc062723c751e8b465ee728b)  -> (artifact id: '347c6f1d6c1ffe5b66ac79423a819829') in 0.015118 seconds 
  Import took 0.018756 seconds .

========================================================================
Received Import Request.
  Time since last request: 21.783618 seconds.
  path: Assets/Magnet.prefab
  artifactKey: Guid(6b98aad3dd7afea49b2b8a5a0d8a3d00) Importer(815301076,1909f56bfc062723c751e8b465ee728b)
Start importing Assets/Magnet.prefab using Guid(6b98aad3dd7afea49b2b8a5a0d8a3d00) Importer(815301076,1909f56bfc062723c751e8b465ee728b)  -> (artifact id: '5c54765debd6ad4358c29b9fbedc5305') in 0.013281 seconds 
  Import took 0.016506 seconds .

========================================================================
Received Import Request.
  Time since last request: 7.271329 seconds.
  path: Assets/Magnet.prefab
  artifactKey: Guid(6b98aad3dd7afea49b2b8a5a0d8a3d00) Importer(815301076,1909f56bfc062723c751e8b465ee728b)
Start importing Assets/Magnet.prefab using Guid(6b98aad3dd7afea49b2b8a5a0d8a3d00) Importer(815301076,1909f56bfc062723c751e8b465ee728b)  -> (artifact id: '30196961dd4f940bfaa7ef26a705f811') in 0.014218 seconds 
  Import took 0.017510 seconds .

========================================================================
Received Import Request.
  Time since last request: 3.599442 seconds.
  path: Assets/Magnet.prefab
  artifactKey: Guid(6b98aad3dd7afea49b2b8a5a0d8a3d00) Importer(815301076,1909f56bfc062723c751e8b465ee728b)
Start importing Assets/Magnet.prefab using Guid(6b98aad3dd7afea49b2b8a5a0d8a3d00) Importer(815301076,1909f56bfc062723c751e8b465ee728b)  -> (artifact id: 'd860ae4c802ece7873c96abe07d7c1a7') in 0.015639 seconds 
  Import took 0.018905 seconds .

========================================================================
Received Import Request.
  Time since last request: 41.781206 seconds.
  path: Assets/Magnet.prefab
  artifactKey: Guid(6b98aad3dd7afea49b2b8a5a0d8a3d00) Importer(815301076,1909f56bfc062723c751e8b465ee728b)
Start importing Assets/Magnet.prefab using Guid(6b98aad3dd7afea49b2b8a5a0d8a3d00) Importer(815301076,1909f56bfc062723c751e8b465ee728b)  -> (artifact id: '23d2884eeb67ab7e79ec264ac30aa4d8') in 0.013262 seconds 
  Import took 0.016977 seconds .

========================================================================
Received Import Request.
  Time since last request: 6.444979 seconds.
  path: Assets/Magnet.prefab
  artifactKey: Guid(6b98aad3dd7afea49b2b8a5a0d8a3d00) Importer(815301076,1909f56bfc062723c751e8b465ee728b)
Start importing Assets/Magnet.prefab using Guid(6b98aad3dd7afea49b2b8a5a0d8a3d00) Importer(815301076,1909f56bfc062723c751e8b465ee728b)  -> (artifact id: 'de6835694472b87a16a62823fabb6ba1') in 0.011725 seconds 
  Import took 0.015201 seconds .

========================================================================
Received Import Request.
  Time since last request: 1.231585 seconds.
  path: Assets/Magnet.prefab
  artifactKey: Guid(6b98aad3dd7afea49b2b8a5a0d8a3d00) Importer(815301076,1909f56bfc062723c751e8b465ee728b)
Start importing Assets/Magnet.prefab using Guid(6b98aad3dd7afea49b2b8a5a0d8a3d00) Importer(815301076,1909f56bfc062723c751e8b465ee728b)  -> (artifact id: '2c9ae43792ec3e419ec49487a5a00036') in 0.013039 seconds 
  Import took 0.016603 seconds .

========================================================================
Received Import Request.
  Time since last request: 14.376193 seconds.
  path: Assets/Magnet.prefab
  artifactKey: Guid(6b98aad3dd7afea49b2b8a5a0d8a3d00) Importer(815301076,1909f56bfc062723c751e8b465ee728b)
Start importing Assets/Magnet.prefab using Guid(6b98aad3dd7afea49b2b8a5a0d8a3d00) Importer(815301076,1909f56bfc062723c751e8b465ee728b)  -> (artifact id: '0faa0fcc7cb7db06461659ffe94e2499') in 0.012327 seconds 
  Import took 0.016044 seconds .

========================================================================
Received Import Request.
  Time since last request: 3.610001 seconds.
  path: Assets/Magnet.prefab
  artifactKey: Guid(6b98aad3dd7afea49b2b8a5a0d8a3d00) Importer(815301076,1909f56bfc062723c751e8b465ee728b)
Start importing Assets/Magnet.prefab using Guid(6b98aad3dd7afea49b2b8a5a0d8a3d00) Importer(815301076,1909f56bfc062723c751e8b465ee728b)  -> (artifact id: '14790085e8883db373cc69053fc30085') in 0.010889 seconds 
  Import took 0.014218 seconds .

========================================================================
Received Import Request.
  Time since last request: 2.196906 seconds.
  path: Assets/Magnet.prefab
  artifactKey: Guid(6b98aad3dd7afea49b2b8a5a0d8a3d00) Importer(815301076,1909f56bfc062723c751e8b465ee728b)
Start importing Assets/Magnet.prefab using Guid(6b98aad3dd7afea49b2b8a5a0d8a3d00) Importer(815301076,1909f56bfc062723c751e8b465ee728b)  -> (artifact id: 'cc385dd599336486c98cd81531e958b1') in 0.012402 seconds 
  Import took 0.016088 seconds .

========================================================================
Received Import Request.
  Time since last request: 1.400853 seconds.
  path: Assets/Magnet.prefab
  artifactKey: Guid(6b98aad3dd7afea49b2b8a5a0d8a3d00) Importer(815301076,1909f56bfc062723c751e8b465ee728b)
Start importing Assets/Magnet.prefab using Guid(6b98aad3dd7afea49b2b8a5a0d8a3d00) Importer(815301076,1909f56bfc062723c751e8b465ee728b)  -> (artifact id: '1623ae852d8a357b702295c4a3ef6a66') in 0.012231 seconds 
  Import took 0.016201 seconds .

========================================================================
Received Import Request.
  Time since last request: 22.613848 seconds.
  path: Assets/Magnet.prefab
  artifactKey: Guid(6b98aad3dd7afea49b2b8a5a0d8a3d00) Importer(815301076,1909f56bfc062723c751e8b465ee728b)
Start importing Assets/Magnet.prefab using Guid(6b98aad3dd7afea49b2b8a5a0d8a3d00) Importer(815301076,1909f56bfc062723c751e8b465ee728b)  -> (artifact id: 'b119d9300bd9ee3b8b193478ece33422') in 0.012923 seconds 
  Import took 0.016131 seconds .

========================================================================
Received Import Request.
  Time since last request: 8.107577 seconds.
  path: Assets/Magnet.prefab
  artifactKey: Guid(6b98aad3dd7afea49b2b8a5a0d8a3d00) Importer(815301076,1909f56bfc062723c751e8b465ee728b)
Start importing Assets/Magnet.prefab using Guid(6b98aad3dd7afea49b2b8a5a0d8a3d00) Importer(815301076,1909f56bfc062723c751e8b465ee728b)  -> (artifact id: '0ea67f9ce2c7a6297615a48acf7a52d7') in 0.014204 seconds 
  Import took 0.017700 seconds .

========================================================================
Received Import Request.
  Time since last request: 17.108905 seconds.
  path: Assets/Magnet.prefab
  artifactKey: Guid(6b98aad3dd7afea49b2b8a5a0d8a3d00) Importer(815301076,1909f56bfc062723c751e8b465ee728b)
Start importing Assets/Magnet.prefab using Guid(6b98aad3dd7afea49b2b8a5a0d8a3d00) Importer(815301076,1909f56bfc062723c751e8b465ee728b)  -> (artifact id: '284819062a6a4a1e6b714d900e90c35b') in 0.013581 seconds 
  Import took 0.016964 seconds .

========================================================================
Received Import Request.
  Time since last request: 16.174121 seconds.
  path: Assets/Magnet.prefab
  artifactKey: Guid(6b98aad3dd7afea49b2b8a5a0d8a3d00) Importer(815301076,1909f56bfc062723c751e8b465ee728b)
Start importing Assets/Magnet.prefab using Guid(6b98aad3dd7afea49b2b8a5a0d8a3d00) Importer(815301076,1909f56bfc062723c751e8b465ee728b)  -> (artifact id: 'b43bbfcacfe6088053e40820fa7cc97d') in 0.010867 seconds 
  Import took 0.014118 seconds .

========================================================================
Received Import Request.
  Time since last request: 2.810125 seconds.
  path: Assets/Magnet.prefab
  artifactKey: Guid(6b98aad3dd7afea49b2b8a5a0d8a3d00) Importer(815301076,1909f56bfc062723c751e8b465ee728b)
Start importing Assets/Magnet.prefab using Guid(6b98aad3dd7afea49b2b8a5a0d8a3d00) Importer(815301076,1909f56bfc062723c751e8b465ee728b)  -> (artifact id: 'ac56aa00971139adbfbaba82362cb804') in 0.012786 seconds 
  Import took 0.016242 seconds .

========================================================================
Received Import Request.
  Time since last request: 2.406445 seconds.
  path: Assets/Magnet.prefab
  artifactKey: Guid(6b98aad3dd7afea49b2b8a5a0d8a3d00) Importer(815301076,1909f56bfc062723c751e8b465ee728b)
Start importing Assets/Magnet.prefab using Guid(6b98aad3dd7afea49b2b8a5a0d8a3d00) Importer(815301076,1909f56bfc062723c751e8b465ee728b)  -> (artifact id: '235a88bd71162845325e6399cba95649') in 0.013739 seconds 
  Import took 0.017459 seconds .

========================================================================
Received Import Request.
  Time since last request: 3.023040 seconds.
  path: Assets/Magnet.prefab
  artifactKey: Guid(6b98aad3dd7afea49b2b8a5a0d8a3d00) Importer(815301076,1909f56bfc062723c751e8b465ee728b)
Start importing Assets/Magnet.prefab using Guid(6b98aad3dd7afea49b2b8a5a0d8a3d00) Importer(815301076,1909f56bfc062723c751e8b465ee728b)  -> (artifact id: 'efc9dc99c4d5a91cf7d0c493551cd07b') in 0.012106 seconds 
  Import took 0.015302 seconds .

========================================================================
Received Import Request.
  Time since last request: 34.819387 seconds.
  path: Assets/Magnet.prefab
  artifactKey: Guid(6b98aad3dd7afea49b2b8a5a0d8a3d00) Importer(815301076,1909f56bfc062723c751e8b465ee728b)
Start importing Assets/Magnet.prefab using Guid(6b98aad3dd7afea49b2b8a5a0d8a3d00) Importer(815301076,1909f56bfc062723c751e8b465ee728b)  -> (artifact id: 'b2ba2a895fd5d0bf7e7fab5d155fe98c') in 0.013437 seconds 
  Import took 0.016845 seconds .

========================================================================
Received Import Request.
  Time since last request: 3.830199 seconds.
  path: Assets/Magnet.prefab
  artifactKey: Guid(6b98aad3dd7afea49b2b8a5a0d8a3d00) Importer(815301076,1909f56bfc062723c751e8b465ee728b)
Start importing Assets/Magnet.prefab using Guid(6b98aad3dd7afea49b2b8a5a0d8a3d00) Importer(815301076,1909f56bfc062723c751e8b465ee728b)  -> (artifact id: 'd516974bf5fa880bc3fd980a125e6ec9') in 0.016843 seconds 
  Import took 0.020020 seconds .

========================================================================
Received Import Request.
  Time since last request: 3.234248 seconds.
  path: Assets/Magnet.prefab
  artifactKey: Guid(6b98aad3dd7afea49b2b8a5a0d8a3d00) Importer(815301076,1909f56bfc062723c751e8b465ee728b)
Start importing Assets/Magnet.prefab using Guid(6b98aad3dd7afea49b2b8a5a0d8a3d00) Importer(815301076,1909f56bfc062723c751e8b465ee728b)  -> (artifact id: '570daf37cc26d08a78c472f9cb6047f2') in 0.012557 seconds 
  Import took 0.016468 seconds .

========================================================================
Received Import Request.
  Time since last request: 2.989380 seconds.
  path: Assets/Magnet.prefab
  artifactKey: Guid(6b98aad3dd7afea49b2b8a5a0d8a3d00) Importer(815301076,1909f56bfc062723c751e8b465ee728b)
Start importing Assets/Magnet.prefab using Guid(6b98aad3dd7afea49b2b8a5a0d8a3d00) Importer(815301076,1909f56bfc062723c751e8b465ee728b)  -> (artifact id: '538914b312cdcd0eb3b39c862b514c85') in 0.014003 seconds 
  Import took 0.017952 seconds .

========================================================================
Received Import Request.
  Time since last request: 28.914869 seconds.
  path: Assets/Magnet.prefab
  artifactKey: Guid(6b98aad3dd7afea49b2b8a5a0d8a3d00) Importer(815301076,1909f56bfc062723c751e8b465ee728b)
Start importing Assets/Magnet.prefab using Guid(6b98aad3dd7afea49b2b8a5a0d8a3d00) Importer(815301076,1909f56bfc062723c751e8b465ee728b)  -> (artifact id: '706141ea8e6c19221a1c4a3a2e79c829') in 0.015316 seconds 
  Import took 0.018620 seconds .

========================================================================
Received Import Request.
  Time since last request: 4.050839 seconds.
  path: Assets/Magnet.prefab
  artifactKey: Guid(6b98aad3dd7afea49b2b8a5a0d8a3d00) Importer(815301076,1909f56bfc062723c751e8b465ee728b)
Start importing Assets/Magnet.prefab using Guid(6b98aad3dd7afea49b2b8a5a0d8a3d00) Importer(815301076,1909f56bfc062723c751e8b465ee728b)  -> (artifact id: '070b87846c80094a59531403371fa3ff') in 0.014472 seconds 
  Import took 0.017746 seconds .

========================================================================
Received Import Request.
  Time since last request: 127.581454 seconds.
  path: Assets/Magnet.prefab
  artifactKey: Guid(6b98aad3dd7afea49b2b8a5a0d8a3d00) Importer(815301076,1909f56bfc062723c751e8b465ee728b)
Start importing Assets/Magnet.prefab using Guid(6b98aad3dd7afea49b2b8a5a0d8a3d00) Importer(815301076,1909f56bfc062723c751e8b465ee728b)  -> (artifact id: '77079b788d8de4f4d27cfe83980263e7') in 0.015536 seconds 
  Import took 0.019163 seconds .

========================================================================
Received Import Request.
  Time since last request: 10.482995 seconds.
  path: Assets/Magnet.prefab
  artifactKey: Guid(6b98aad3dd7afea49b2b8a5a0d8a3d00) Importer(815301076,1909f56bfc062723c751e8b465ee728b)
Start importing Assets/Magnet.prefab using Guid(6b98aad3dd7afea49b2b8a5a0d8a3d00) Importer(815301076,1909f56bfc062723c751e8b465ee728b)  -> (artifact id: '30d067a7a85f956328599cdbc1bbe763') in 0.014398 seconds 
  Import took 0.017879 seconds .

========================================================================
Received Import Request.
  Time since last request: 34.896218 seconds.
  path: Assets/Magnet.prefab
  artifactKey: Guid(6b98aad3dd7afea49b2b8a5a0d8a3d00) Importer(815301076,1909f56bfc062723c751e8b465ee728b)
Start importing Assets/Magnet.prefab using Guid(6b98aad3dd7afea49b2b8a5a0d8a3d00) Importer(815301076,1909f56bfc062723c751e8b465ee728b)  -> (artifact id: 'b9f0bc9fb278e5de99d8bf57672c9cdf') in 0.013729 seconds 
  Import took 0.017580 seconds .

========================================================================
Received Import Request.
  Time since last request: 22.907253 seconds.
  path: Assets/Magnet.prefab
  artifactKey: Guid(6b98aad3dd7afea49b2b8a5a0d8a3d00) Importer(815301076,1909f56bfc062723c751e8b465ee728b)
Start importing Assets/Magnet.prefab using Guid(6b98aad3dd7afea49b2b8a5a0d8a3d00) Importer(815301076,1909f56bfc062723c751e8b465ee728b)  -> (artifact id: '0e8e238279f77312898cfeb28a2832ac') in 0.015892 seconds 
  Import took 0.019519 seconds .

========================================================================
Received Import Request.
  Time since last request: 10.369544 seconds.
  path: Assets/Magnet.prefab
  artifactKey: Guid(6b98aad3dd7afea49b2b8a5a0d8a3d00) Importer(815301076,1909f56bfc062723c751e8b465ee728b)
Start importing Assets/Magnet.prefab using Guid(6b98aad3dd7afea49b2b8a5a0d8a3d00) Importer(815301076,1909f56bfc062723c751e8b465ee728b)  -> (artifact id: '9ef1188bf2eefa1e0157f54e5f267a7d') in 0.014070 seconds 
  Import took 0.017718 seconds .

========================================================================
Received Import Request.
  Time since last request: 13.143277 seconds.
  path: Assets/Magnet.prefab
  artifactKey: Guid(6b98aad3dd7afea49b2b8a5a0d8a3d00) Importer(815301076,1909f56bfc062723c751e8b465ee728b)
Start importing Assets/Magnet.prefab using Guid(6b98aad3dd7afea49b2b8a5a0d8a3d00) Importer(815301076,1909f56bfc062723c751e8b465ee728b)  -> (artifact id: '9e377347559828af4ef733e63b29996f') in 0.016216 seconds 
  Import took 0.020019 seconds .

========================================================================
Received Import Request.
  Time since last request: 2.814728 seconds.
  path: Assets/Magnet.prefab
  artifactKey: Guid(6b98aad3dd7afea49b2b8a5a0d8a3d00) Importer(815301076,1909f56bfc062723c751e8b465ee728b)
Start importing Assets/Magnet.prefab using Guid(6b98aad3dd7afea49b2b8a5a0d8a3d00) Importer(815301076,1909f56bfc062723c751e8b465ee728b)  -> (artifact id: 'e2361944eeda7f05ca21e75aeb6c9bc9') in 0.010816 seconds 
  Import took 0.014386 seconds .

========================================================================
Received Import Request.
  Time since last request: 3.388883 seconds.
  path: Assets/Magnet.prefab
  artifactKey: Guid(6b98aad3dd7afea49b2b8a5a0d8a3d00) Importer(815301076,1909f56bfc062723c751e8b465ee728b)
Start importing Assets/Magnet.prefab using Guid(6b98aad3dd7afea49b2b8a5a0d8a3d00) Importer(815301076,1909f56bfc062723c751e8b465ee728b)  -> (artifact id: 'a32d5101a947a308f7f485e77b3caadf') in 0.012846 seconds 
  Import took 0.016376 seconds .

========================================================================
Received Import Request.
  Time since last request: 10.298049 seconds.
  path: Assets/Magnet.prefab
  artifactKey: Guid(6b98aad3dd7afea49b2b8a5a0d8a3d00) Importer(815301076,1909f56bfc062723c751e8b465ee728b)
Start importing Assets/Magnet.prefab using Guid(6b98aad3dd7afea49b2b8a5a0d8a3d00) Importer(815301076,1909f56bfc062723c751e8b465ee728b)  -> (artifact id: '797b4be358a6a1a95fa8c38f829500b3') in 0.011533 seconds 
  Import took 0.014880 seconds .

========================================================================
Received Import Request.
  Time since last request: 9.080793 seconds.
  path: Assets/Magnet.prefab
  artifactKey: Guid(6b98aad3dd7afea49b2b8a5a0d8a3d00) Importer(815301076,1909f56bfc062723c751e8b465ee728b)
Start importing Assets/Magnet.prefab using Guid(6b98aad3dd7afea49b2b8a5a0d8a3d00) Importer(815301076,1909f56bfc062723c751e8b465ee728b)  -> (artifact id: '773b23a7f8350a6d38c3c8f72d451bd7') in 0.013700 seconds 
  Import took 0.017730 seconds .

========================================================================
Received Import Request.
  Time since last request: 10.746956 seconds.
  path: Assets/Magnet.prefab
  artifactKey: Guid(6b98aad3dd7afea49b2b8a5a0d8a3d00) Importer(815301076,1909f56bfc062723c751e8b465ee728b)
Start importing Assets/Magnet.prefab using Guid(6b98aad3dd7afea49b2b8a5a0d8a3d00) Importer(815301076,1909f56bfc062723c751e8b465ee728b)  -> (artifact id: 'd5f904cb976bec10a717559568455775') in 0.014079 seconds 
  Import took 0.017389 seconds .

========================================================================
Received Import Request.
  Time since last request: 3.596051 seconds.
  path: Assets/Magnet.prefab
  artifactKey: Guid(6b98aad3dd7afea49b2b8a5a0d8a3d00) Importer(815301076,1909f56bfc062723c751e8b465ee728b)
Start importing Assets/Magnet.prefab using Guid(6b98aad3dd7afea49b2b8a5a0d8a3d00) Importer(815301076,1909f56bfc062723c751e8b465ee728b)  -> (artifact id: '18e0aec5cf6fa2565e3c442f94c6047e') in 0.011843 seconds 
  Import took 0.015113 seconds .

========================================================================
Received Import Request.
  Time since last request: 5.410298 seconds.
  path: Assets/Magnet.prefab
  artifactKey: Guid(6b98aad3dd7afea49b2b8a5a0d8a3d00) Importer(815301076,1909f56bfc062723c751e8b465ee728b)
Start importing Assets/Magnet.prefab using Guid(6b98aad3dd7afea49b2b8a5a0d8a3d00) Importer(815301076,1909f56bfc062723c751e8b465ee728b)  -> (artifact id: '1240ea3561b8ee43b8fbe07761dcb544') in 0.016277 seconds 
  Import took 0.019582 seconds .

========================================================================
Received Import Request.
  Time since last request: 2.242128 seconds.
  path: Assets/Magnet.prefab
  artifactKey: Guid(6b98aad3dd7afea49b2b8a5a0d8a3d00) Importer(815301076,1909f56bfc062723c751e8b465ee728b)
Start importing Assets/Magnet.prefab using Guid(6b98aad3dd7afea49b2b8a5a0d8a3d00) Importer(815301076,1909f56bfc062723c751e8b465ee728b)  -> (artifact id: '17749f2650a043a308eac49a15a27228') in 0.012360 seconds 
  Import took 0.015802 seconds .

========================================================================
Received Import Request.
  Time since last request: 3.131635 seconds.
  path: Assets/Magnet.prefab
  artifactKey: Guid(6b98aad3dd7afea49b2b8a5a0d8a3d00) Importer(815301076,1909f56bfc062723c751e8b465ee728b)
Start importing Assets/Magnet.prefab using Guid(6b98aad3dd7afea49b2b8a5a0d8a3d00) Importer(815301076,1909f56bfc062723c751e8b465ee728b)  -> (artifact id: 'aaa4f82400233da4c9b724d6df4a3c65') in 0.011667 seconds 
  Import took 0.015405 seconds .

========================================================================
Received Import Request.
  Time since last request: 13.354613 seconds.
  path: Assets/Magnet.prefab
  artifactKey: Guid(6b98aad3dd7afea49b2b8a5a0d8a3d00) Importer(815301076,1909f56bfc062723c751e8b465ee728b)
Start importing Assets/Magnet.prefab using Guid(6b98aad3dd7afea49b2b8a5a0d8a3d00) Importer(815301076,1909f56bfc062723c751e8b465ee728b)  -> (artifact id: 'e5517ee0e9748d9197dc45eb8fc2648b') in 0.015009 seconds 
  Import took 0.018842 seconds .

========================================================================
Received Import Request.
  Time since last request: 4.253262 seconds.
  path: Assets/Magnet.prefab
  artifactKey: Guid(6b98aad3dd7afea49b2b8a5a0d8a3d00) Importer(815301076,1909f56bfc062723c751e8b465ee728b)
Start importing Assets/Magnet.prefab using Guid(6b98aad3dd7afea49b2b8a5a0d8a3d00) Importer(815301076,1909f56bfc062723c751e8b465ee728b)  -> (artifact id: '44a895d366c261779589eb20d0e04929') in 0.016542 seconds 
  Import took 0.020336 seconds .

========================================================================
Received Import Request.
  Time since last request: 15.753775 seconds.
  path: Assets/Magnet.prefab
  artifactKey: Guid(6b98aad3dd7afea49b2b8a5a0d8a3d00) Importer(815301076,1909f56bfc062723c751e8b465ee728b)
Start importing Assets/Magnet.prefab using Guid(6b98aad3dd7afea49b2b8a5a0d8a3d00) Importer(815301076,1909f56bfc062723c751e8b465ee728b)  -> (artifact id: '42582ff1fa2a97b83de88429a1aa60ab') in 0.016923 seconds 
  Import took 0.020681 seconds .

========================================================================
Received Import Request.
  Time since last request: 3.164532 seconds.
  path: Assets/Magnet.prefab
  artifactKey: Guid(6b98aad3dd7afea49b2b8a5a0d8a3d00) Importer(815301076,1909f56bfc062723c751e8b465ee728b)
Start importing Assets/Magnet.prefab using Guid(6b98aad3dd7afea49b2b8a5a0d8a3d00) Importer(815301076,1909f56bfc062723c751e8b465ee728b)  -> (artifact id: 'd88331c47f24aae536ed055f51eca991') in 0.017252 seconds 
  Import took 0.020768 seconds .

========================================================================
Received Import Request.
  Time since last request: 5.896722 seconds.
  path: Assets/Magnet.prefab
  artifactKey: Guid(6b98aad3dd7afea49b2b8a5a0d8a3d00) Importer(815301076,1909f56bfc062723c751e8b465ee728b)
Start importing Assets/Magnet.prefab using Guid(6b98aad3dd7afea49b2b8a5a0d8a3d00) Importer(815301076,1909f56bfc062723c751e8b465ee728b)  -> (artifact id: '462b9b9708b1f4cd700d7d2cc9a79c30') in 0.012731 seconds 
  Import took 0.016734 seconds .

========================================================================
Received Import Request.
  Time since last request: 16.966462 seconds.
  path: Assets/Magnet.prefab
  artifactKey: Guid(6b98aad3dd7afea49b2b8a5a0d8a3d00) Importer(815301076,1909f56bfc062723c751e8b465ee728b)
Start importing Assets/Magnet.prefab using Guid(6b98aad3dd7afea49b2b8a5a0d8a3d00) Importer(815301076,1909f56bfc062723c751e8b465ee728b)  -> (artifact id: 'd6b60ca21626a68392e7c00ebd49e446') in 0.015876 seconds 
  Import took 0.020024 seconds .

========================================================================
Received Import Request.
  Time since last request: 10.929844 seconds.
  path: Assets/Magnet.prefab
  artifactKey: Guid(6b98aad3dd7afea49b2b8a5a0d8a3d00) Importer(815301076,1909f56bfc062723c751e8b465ee728b)
Start importing Assets/Magnet.prefab using Guid(6b98aad3dd7afea49b2b8a5a0d8a3d00) Importer(815301076,1909f56bfc062723c751e8b465ee728b)  -> (artifact id: 'a06028270aac81ec4886d4f9bafd3269') in 0.013669 seconds 
  Import took 0.017134 seconds .

========================================================================
Received Import Request.
  Time since last request: 9.742352 seconds.
  path: Assets/Magnet.prefab
  artifactKey: Guid(6b98aad3dd7afea49b2b8a5a0d8a3d00) Importer(815301076,1909f56bfc062723c751e8b465ee728b)
Start importing Assets/Magnet.prefab using Guid(6b98aad3dd7afea49b2b8a5a0d8a3d00) Importer(815301076,1909f56bfc062723c751e8b465ee728b)  -> (artifact id: '58a47b8a67b696298a922297c878ce8e') in 0.011243 seconds 
  Import took 0.014762 seconds .

========================================================================
Received Import Request.
  Time since last request: 1.940918 seconds.
  path: Assets/Magnet.prefab
  artifactKey: Guid(6b98aad3dd7afea49b2b8a5a0d8a3d00) Importer(815301076,1909f56bfc062723c751e8b465ee728b)
Start importing Assets/Magnet.prefab using Guid(6b98aad3dd7afea49b2b8a5a0d8a3d00) Importer(815301076,1909f56bfc062723c751e8b465ee728b)  -> (artifact id: 'e418952225aef8fb53d0536ac52e0bd5') in 0.017358 seconds 
  Import took 0.020732 seconds .

========================================================================
Received Import Request.
  Time since last request: 23.217121 seconds.
  path: Assets/Magnet.prefab
  artifactKey: Guid(6b98aad3dd7afea49b2b8a5a0d8a3d00) Importer(815301076,1909f56bfc062723c751e8b465ee728b)
Start importing Assets/Magnet.prefab using Guid(6b98aad3dd7afea49b2b8a5a0d8a3d00) Importer(815301076,1909f56bfc062723c751e8b465ee728b)  -> (artifact id: '6a4893a4045b80b1aa012df97a48f1db') in 0.014138 seconds 
  Import took 0.017618 seconds .

========================================================================
Received Import Request.
  Time since last request: 4.466089 seconds.
  path: Assets/Magnet.prefab
  artifactKey: Guid(6b98aad3dd7afea49b2b8a5a0d8a3d00) Importer(815301076,1909f56bfc062723c751e8b465ee728b)
Start importing Assets/Magnet.prefab using Guid(6b98aad3dd7afea49b2b8a5a0d8a3d00) Importer(815301076,1909f56bfc062723c751e8b465ee728b)  -> (artifact id: 'a73448a34718653de5dc2c260f689b05') in 0.017492 seconds 
  Import took 0.021359 seconds .

========================================================================
Received Import Request.
  Time since last request: 2.250180 seconds.
  path: Assets/Magnet.prefab
  artifactKey: Guid(6b98aad3dd7afea49b2b8a5a0d8a3d00) Importer(815301076,1909f56bfc062723c751e8b465ee728b)
Start importing Assets/Magnet.prefab using Guid(6b98aad3dd7afea49b2b8a5a0d8a3d00) Importer(815301076,1909f56bfc062723c751e8b465ee728b)  -> (artifact id: 'f9ccfe4202582f857b4f368d0d3115ce') in 0.016411 seconds 
  Import took 0.021332 seconds .

========================================================================
Received Import Request.
  Time since last request: 1.366219 seconds.
  path: Assets/Magnet.prefab
  artifactKey: Guid(6b98aad3dd7afea49b2b8a5a0d8a3d00) Importer(815301076,1909f56bfc062723c751e8b465ee728b)
Start importing Assets/Magnet.prefab using Guid(6b98aad3dd7afea49b2b8a5a0d8a3d00) Importer(815301076,1909f56bfc062723c751e8b465ee728b)  -> (artifact id: '68da8bbfc07199b393bf4232ff01a861') in 0.010377 seconds 
  Import took 0.013682 seconds .

========================================================================
Received Import Request.
  Time since last request: 5.913128 seconds.
  path: Assets/Magnet.prefab
  artifactKey: Guid(6b98aad3dd7afea49b2b8a5a0d8a3d00) Importer(815301076,1909f56bfc062723c751e8b465ee728b)
Start importing Assets/Magnet.prefab using Guid(6b98aad3dd7afea49b2b8a5a0d8a3d00) Importer(815301076,1909f56bfc062723c751e8b465ee728b)  -> (artifact id: '760bc82b9f3bb83094ec814c8a075c5c') in 0.018169 seconds 
  Import took 0.021945 seconds .

========================================================================
Received Import Request.
  Time since last request: 8.864482 seconds.
  path: Assets/Magnet.prefab
  artifactKey: Guid(6b98aad3dd7afea49b2b8a5a0d8a3d00) Importer(815301076,1909f56bfc062723c751e8b465ee728b)
Start importing Assets/Magnet.prefab using Guid(6b98aad3dd7afea49b2b8a5a0d8a3d00) Importer(815301076,1909f56bfc062723c751e8b465ee728b)  -> (artifact id: '433b1a6e69abcb84d01dfa16f2905874') in 0.013652 seconds 
  Import took 0.017277 seconds .

========================================================================
Received Import Request.
  Time since last request: 7.240142 seconds.
  path: Assets/Magnet.prefab
  artifactKey: Guid(6b98aad3dd7afea49b2b8a5a0d8a3d00) Importer(815301076,1909f56bfc062723c751e8b465ee728b)
Start importing Assets/Magnet.prefab using Guid(6b98aad3dd7afea49b2b8a5a0d8a3d00) Importer(815301076,1909f56bfc062723c751e8b465ee728b)  -> (artifact id: '43bcaf4c1053d1570b9becd9838725a0') in 0.013831 seconds 
  Import took 0.017645 seconds .

========================================================================
Received Import Request.
  Time since last request: 6.205980 seconds.
  path: Assets/Magnet.prefab
  artifactKey: Guid(6b98aad3dd7afea49b2b8a5a0d8a3d00) Importer(815301076,1909f56bfc062723c751e8b465ee728b)
Start importing Assets/Magnet.prefab using Guid(6b98aad3dd7afea49b2b8a5a0d8a3d00) Importer(815301076,1909f56bfc062723c751e8b465ee728b)  -> (artifact id: 'd8eb229ca0fc889729d42a8fca0f6729') in 0.011341 seconds 
  Import took 0.014760 seconds .

========================================================================
Received Import Request.
  Time since last request: 39.745235 seconds.
  path: Assets/Magnet.prefab
  artifactKey: Guid(6b98aad3dd7afea49b2b8a5a0d8a3d00) Importer(815301076,1909f56bfc062723c751e8b465ee728b)
Start importing Assets/Magnet.prefab using Guid(6b98aad3dd7afea49b2b8a5a0d8a3d00) Importer(815301076,1909f56bfc062723c751e8b465ee728b)  -> (artifact id: '08b75074ba37e01143eed75fde683e59') in 0.012278 seconds 
  Import took 0.015481 seconds .

========================================================================
Received Import Request.
  Time since last request: 0.352404 seconds.
  path: Assets/Magnet.prefab
  artifactKey: Guid(6b98aad3dd7afea49b2b8a5a0d8a3d00) Importer(815301076,1909f56bfc062723c751e8b465ee728b)
Start importing Assets/Magnet.prefab using Guid(6b98aad3dd7afea49b2b8a5a0d8a3d00) Importer(815301076,1909f56bfc062723c751e8b465ee728b)  -> (artifact id: '0a7edc28edaa4904d535568ecef7b26e') in 0.011570 seconds 
  Import took 0.015010 seconds .

========================================================================
Received Import Request.
  Time since last request: 11.138665 seconds.
  path: Assets/Magnet.prefab
  artifactKey: Guid(6b98aad3dd7afea49b2b8a5a0d8a3d00) Importer(815301076,1909f56bfc062723c751e8b465ee728b)
Start importing Assets/Magnet.prefab using Guid(6b98aad3dd7afea49b2b8a5a0d8a3d00) Importer(815301076,1909f56bfc062723c751e8b465ee728b)  -> (artifact id: 'b583100260f86c7dd695b77ff92080a1') in 0.013037 seconds 
  Import took 0.016226 seconds .

========================================================================
Received Import Request.
  Time since last request: 13.243408 seconds.
  path: Assets/Magnet.prefab
  artifactKey: Guid(6b98aad3dd7afea49b2b8a5a0d8a3d00) Importer(815301076,1909f56bfc062723c751e8b465ee728b)
Start importing Assets/Magnet.prefab using Guid(6b98aad3dd7afea49b2b8a5a0d8a3d00) Importer(815301076,1909f56bfc062723c751e8b465ee728b)  -> (artifact id: '5a01cd7981bd0670c09a8ae8d1df2b6e') in 0.012007 seconds 
  Import took 0.015224 seconds .

========================================================================
Received Import Request.
  Time since last request: 0.180110 seconds.
  path: Assets/Magnet.prefab
  artifactKey: Guid(6b98aad3dd7afea49b2b8a5a0d8a3d00) Importer(815301076,1909f56bfc062723c751e8b465ee728b)
Start importing Assets/Magnet.prefab using Guid(6b98aad3dd7afea49b2b8a5a0d8a3d00) Importer(815301076,1909f56bfc062723c751e8b465ee728b)  -> (artifact id: '54ca81824adc8ec2224dd4f722134bd1') in 0.011365 seconds 
  Import took 0.015695 seconds .

========================================================================
Received Import Request.
  Time since last request: 2.195616 seconds.
  path: Assets/Magnet.prefab
  artifactKey: Guid(6b98aad3dd7afea49b2b8a5a0d8a3d00) Importer(815301076,1909f56bfc062723c751e8b465ee728b)
Start importing Assets/Magnet.prefab using Guid(6b98aad3dd7afea49b2b8a5a0d8a3d00) Importer(815301076,1909f56bfc062723c751e8b465ee728b)  -> (artifact id: '92b3abd2ad739ee6d78e368a89c8a4f7') in 0.012057 seconds 
  Import took 0.015528 seconds .

========================================================================
Received Import Request.
  Time since last request: 1.613075 seconds.
  path: Assets/Magnet.prefab
  artifactKey: Guid(6b98aad3dd7afea49b2b8a5a0d8a3d00) Importer(815301076,1909f56bfc062723c751e8b465ee728b)
Start importing Assets/Magnet.prefab using Guid(6b98aad3dd7afea49b2b8a5a0d8a3d00) Importer(815301076,1909f56bfc062723c751e8b465ee728b)  -> (artifact id: 'b7d7ac24b8bc99e5063adf61f768908b') in 0.012883 seconds 
  Import took 0.016341 seconds .

========================================================================
Received Import Request.
  Time since last request: 3.861426 seconds.
  path: Assets/Magnet.prefab
  artifactKey: Guid(6b98aad3dd7afea49b2b8a5a0d8a3d00) Importer(815301076,1909f56bfc062723c751e8b465ee728b)
Start importing Assets/Magnet.prefab using Guid(6b98aad3dd7afea49b2b8a5a0d8a3d00) Importer(815301076,1909f56bfc062723c751e8b465ee728b)  -> (artifact id: '2c447dc935b2c640cd46b90d42221224') in 0.016559 seconds 
  Import took 0.019869 seconds .

========================================================================
Received Import Request.
  Time since last request: 5.748548 seconds.
  path: Assets/Magnet.prefab
  artifactKey: Guid(6b98aad3dd7afea49b2b8a5a0d8a3d00) Importer(815301076,1909f56bfc062723c751e8b465ee728b)
Start importing Assets/Magnet.prefab using Guid(6b98aad3dd7afea49b2b8a5a0d8a3d00) Importer(815301076,1909f56bfc062723c751e8b465ee728b)  -> (artifact id: '83e2e1583228e57b29383ab3be4f5be0') in 0.017555 seconds 
  Import took 0.021584 seconds .

========================================================================
Received Import Request.
  Time since last request: 9.280491 seconds.
  path: Assets/Magnet.prefab
  artifactKey: Guid(6b98aad3dd7afea49b2b8a5a0d8a3d00) Importer(815301076,1909f56bfc062723c751e8b465ee728b)
Start importing Assets/Magnet.prefab using Guid(6b98aad3dd7afea49b2b8a5a0d8a3d00) Importer(815301076,1909f56bfc062723c751e8b465ee728b)  -> (artifact id: 'e32f89b97f13c0228273959e30e90024') in 0.011073 seconds 
  Import took 0.014217 seconds .

========================================================================
Received Import Request.
  Time since last request: 35.924960 seconds.
  path: Assets/Magnet.prefab
  artifactKey: Guid(6b98aad3dd7afea49b2b8a5a0d8a3d00) Importer(815301076,1909f56bfc062723c751e8b465ee728b)
Start importing Assets/Magnet.prefab using Guid(6b98aad3dd7afea49b2b8a5a0d8a3d00) Importer(815301076,1909f56bfc062723c751e8b465ee728b)  -> (artifact id: '7c07f0dee16ff71b3d49108a9636af57') in 0.010814 seconds 
  Import took 0.014119 seconds .

========================================================================
Received Import Request.
  Time since last request: 9.284480 seconds.
  path: Assets/Magnet.prefab
  artifactKey: Guid(6b98aad3dd7afea49b2b8a5a0d8a3d00) Importer(815301076,1909f56bfc062723c751e8b465ee728b)
Start importing Assets/Magnet.prefab using Guid(6b98aad3dd7afea49b2b8a5a0d8a3d00) Importer(815301076,1909f56bfc062723c751e8b465ee728b)  -> (artifact id: '4e572b36911d3924746c32092c9371ba') in 0.017164 seconds 
  Import took 0.020441 seconds .

========================================================================
Received Import Request.
  Time since last request: 30.907100 seconds.
  path: Assets/Magnet.prefab
  artifactKey: Guid(6b98aad3dd7afea49b2b8a5a0d8a3d00) Importer(815301076,1909f56bfc062723c751e8b465ee728b)
Start importing Assets/Magnet.prefab using Guid(6b98aad3dd7afea49b2b8a5a0d8a3d00) Importer(815301076,1909f56bfc062723c751e8b465ee728b)  -> (artifact id: 'ae1fb572534bc7d5c8cd7e52a015fd76') in 0.012467 seconds 
  Import took 0.015679 seconds .

========================================================================
Received Import Request.
  Time since last request: 5.633615 seconds.
  path: Assets/Magnet.prefab
  artifactKey: Guid(6b98aad3dd7afea49b2b8a5a0d8a3d00) Importer(815301076,1909f56bfc062723c751e8b465ee728b)
Start importing Assets/Magnet.prefab using Guid(6b98aad3dd7afea49b2b8a5a0d8a3d00) Importer(815301076,1909f56bfc062723c751e8b465ee728b)  -> (artifact id: 'b9410472f3d7cf268399754805d8aa7b') in 0.015918 seconds 
  Import took 0.019780 seconds .

========================================================================
Received Import Request.
  Time since last request: 7.078957 seconds.
  path: Assets/Magnet.prefab
  artifactKey: Guid(6b98aad3dd7afea49b2b8a5a0d8a3d00) Importer(815301076,1909f56bfc062723c751e8b465ee728b)
Start importing Assets/Magnet.prefab using Guid(6b98aad3dd7afea49b2b8a5a0d8a3d00) Importer(815301076,1909f56bfc062723c751e8b465ee728b)  -> (artifact id: '2c3b496c536e6482b96b573c9218d6e8') in 0.011101 seconds 
  Import took 0.014407 seconds .

========================================================================
Received Import Request.
  Time since last request: 11.519688 seconds.
  path: Assets/Magnet.prefab
  artifactKey: Guid(6b98aad3dd7afea49b2b8a5a0d8a3d00) Importer(815301076,1909f56bfc062723c751e8b465ee728b)
Start importing Assets/Magnet.prefab using Guid(6b98aad3dd7afea49b2b8a5a0d8a3d00) Importer(815301076,1909f56bfc062723c751e8b465ee728b)  -> (artifact id: '3679acf95547f1e86ce1ef3e02a99e45') in 0.014587 seconds 
  Import took 0.018174 seconds .

========================================================================
Received Import Request.
  Time since last request: 2.615489 seconds.
  path: Assets/Magnet.prefab
  artifactKey: Guid(6b98aad3dd7afea49b2b8a5a0d8a3d00) Importer(815301076,1909f56bfc062723c751e8b465ee728b)
Start importing Assets/Magnet.prefab using Guid(6b98aad3dd7afea49b2b8a5a0d8a3d00) Importer(815301076,1909f56bfc062723c751e8b465ee728b)  -> (artifact id: 'dc135807b03365351d9994724dcf3d8d') in 0.013759 seconds 
  Import took 0.016989 seconds .

========================================================================
Received Import Request.
  Time since last request: 66.459652 seconds.
  path: Assets/Magnet.prefab
  artifactKey: Guid(6b98aad3dd7afea49b2b8a5a0d8a3d00) Importer(815301076,1909f56bfc062723c751e8b465ee728b)
Start importing Assets/Magnet.prefab using Guid(6b98aad3dd7afea49b2b8a5a0d8a3d00) Importer(815301076,1909f56bfc062723c751e8b465ee728b)  -> (artifact id: 'd0034efb0fc726a6bf35f11cbc280565') in 0.012287 seconds 
  Import took 0.015680 seconds .

========================================================================
Received Import Request.
  Time since last request: 9.057910 seconds.
  path: Assets/Magnet.prefab
  artifactKey: Guid(6b98aad3dd7afea49b2b8a5a0d8a3d00) Importer(815301076,1909f56bfc062723c751e8b465ee728b)
Start importing Assets/Magnet.prefab using Guid(6b98aad3dd7afea49b2b8a5a0d8a3d00) Importer(815301076,1909f56bfc062723c751e8b465ee728b)  -> (artifact id: 'c8b03af4642ecf26c352408ccf8bf436') in 0.011605 seconds 
  Import took 0.014883 seconds .

========================================================================
Received Import Request.
  Time since last request: 7.048270 seconds.
  path: Assets/Magnet.prefab
  artifactKey: Guid(6b98aad3dd7afea49b2b8a5a0d8a3d00) Importer(815301076,1909f56bfc062723c751e8b465ee728b)
Start importing Assets/Magnet.prefab using Guid(6b98aad3dd7afea49b2b8a5a0d8a3d00) Importer(815301076,1909f56bfc062723c751e8b465ee728b)  -> (artifact id: 'f9769c0d50b236af18cf633a404e0f85') in 0.011321 seconds 
  Import took 0.014909 seconds .

========================================================================
Received Import Request.
  Time since last request: 4.442143 seconds.
  path: Assets/Magnet.prefab
  artifactKey: Guid(6b98aad3dd7afea49b2b8a5a0d8a3d00) Importer(815301076,1909f56bfc062723c751e8b465ee728b)
Start importing Assets/Magnet.prefab using Guid(6b98aad3dd7afea49b2b8a5a0d8a3d00) Importer(815301076,1909f56bfc062723c751e8b465ee728b)  -> (artifact id: 'fb71981199bc63b4120542b101d04b8d') in 0.011569 seconds 
  Import took 0.015040 seconds .

========================================================================
Received Import Request.
  Time since last request: 39.094558 seconds.
  path: Assets/Magnet.prefab
  artifactKey: Guid(6b98aad3dd7afea49b2b8a5a0d8a3d00) Importer(815301076,1909f56bfc062723c751e8b465ee728b)
Start importing Assets/Magnet.prefab using Guid(6b98aad3dd7afea49b2b8a5a0d8a3d00) Importer(815301076,1909f56bfc062723c751e8b465ee728b)  -> (artifact id: '0143f59d624e26de3ee807a54894a946') in 0.012433 seconds 
  Import took 0.016427 seconds .

========================================================================
Received Import Request.
  Time since last request: 0.151774 seconds.
  path: Assets/Magnet.prefab
  artifactKey: Guid(6b98aad3dd7afea49b2b8a5a0d8a3d00) Importer(815301076,1909f56bfc062723c751e8b465ee728b)
Start importing Assets/Magnet.prefab using Guid(6b98aad3dd7afea49b2b8a5a0d8a3d00) Importer(815301076,1909f56bfc062723c751e8b465ee728b)  -> (artifact id: '3918b87df57350c85bac535b3a309d04') in 0.011208 seconds 
  Import took 0.014588 seconds .

========================================================================
Received Import Request.
  Time since last request: 20.244044 seconds.
  path: Assets/Magnet.prefab
  artifactKey: Guid(6b98aad3dd7afea49b2b8a5a0d8a3d00) Importer(815301076,1909f56bfc062723c751e8b465ee728b)
Start importing Assets/Magnet.prefab using Guid(6b98aad3dd7afea49b2b8a5a0d8a3d00) Importer(815301076,1909f56bfc062723c751e8b465ee728b)  -> (artifact id: '7d5bdff7b9fda87be998eb1807e70bc2') in 0.016096 seconds 
  Import took 0.019734 seconds .

========================================================================
Received Import Request.
  Time since last request: 38.326214 seconds.
  path: Assets/Magnet.prefab
  artifactKey: Guid(6b98aad3dd7afea49b2b8a5a0d8a3d00) Importer(815301076,1909f56bfc062723c751e8b465ee728b)
Start importing Assets/Magnet.prefab using Guid(6b98aad3dd7afea49b2b8a5a0d8a3d00) Importer(815301076,1909f56bfc062723c751e8b465ee728b)  -> (artifact id: '8940822a2995f9fb1c6cf874110848ac') in 0.013467 seconds 
  Import took 0.017469 seconds .

========================================================================
Received Import Request.
  Time since last request: 12.291136 seconds.
  path: Assets/Magnet.prefab
  artifactKey: Guid(6b98aad3dd7afea49b2b8a5a0d8a3d00) Importer(815301076,1909f56bfc062723c751e8b465ee728b)
Start importing Assets/Magnet.prefab using Guid(6b98aad3dd7afea49b2b8a5a0d8a3d00) Importer(815301076,1909f56bfc062723c751e8b465ee728b)  -> (artifact id: 'adf5792deb6ae7867d51cd27802d3b29') in 0.012024 seconds 
  Import took 0.015318 seconds .

AssetImportWorkerClient::OnTransportError - code=2 error=End of file
